<?xml version="1.0" encoding="UTF-8"?>
<!-- Generated by org.testng.reporters.JUnitReportReporter -->
<testsuite hostname="LAPTOP-5KMFOFH9" failures="0" tests="3" name="testNGDemo.AnnotationsDemo" time="0.013" errors="0" timestamp="2023-01-20T10:57:19 IST" skipped="0">
  <testcase classname="testNGDemo.AnnotationsDemo" name="testcase2" time="0.003"/>
  <system-out/>
  <testcase classname="testNGDemo.AnnotationsDemo" name="testcase3" time="0.002"/>
  <system-out/>
  <testcase classname="testNGDemo.AnnotationsDemo" name="testcase1" time="0.008"/>
  <system-out/>
</testsuite> <!-- testNGDemo.AnnotationsDemo -->
