<?xml version="1.0" encoding="UTF-8"?>
<!-- Generated by org.testng.reporters.JUnitReportReporter -->
<testsuite hostname="LAPTOP-5KMFOFH9" failures="0" tests="1" name="testNGDemo.HrmPropertiesFileDemo" time="15.154" errors="0" timestamp="2023-01-29T10:23:55 IST" skipped="0">
  <testcase classname="testNGDemo.HrmPropertiesFileDemo" name="loginTest" time="15.154"/>
  <system-out/>
</testsuite> <!-- testNGDemo.HrmPropertiesFileDemo -->
