<?xml version="1.0" encoding="UTF-8"?>
<!-- Generated by org.testng.reporters.JUnitReportReporter -->
<testsuite hostname="LAPTOP-5KMFOFH9" failures="0" tests="1" name="dataDrivenTest.ScreenShotDemo" time="11.120" errors="0" timestamp="2023-01-31T10:32:40 IST" skipped="0">
  <testcase classname="dataDrivenTest.ScreenShotDemo" name="capture" time="11.120"/>
  <system-out/>
</testsuite> <!-- dataDrivenTest.ScreenShotDemo -->
