<?xml version="1.0" encoding="UTF-8"?>
<!-- Generated by org.testng.reporters.JUnitReportReporter -->
<testsuite hostname="LAPTOP-5KMFOFH9" failures="0" tests="1" name="testNGDemo.XmlDataPassing" time="0.010" errors="0" timestamp="2023-01-25T10:59:08 IST" skipped="0">
  <testcase classname="testNGDemo.XmlDataPassing" name="testData" time="0.010"/>
  <system-out/>
</testsuite> <!-- testNGDemo.XmlDataPassing -->
