<?xml version="1.0" encoding="UTF-8"?>
<!-- Generated by org.testng.reporters.JUnitReportReporter -->
<testsuite hostname="LAPTOP-5KMFOFH9" failures="0" tests="3" name="testNGDemo.ParallelTesting" time="3.966" errors="0" timestamp="2023-01-29T10:23:55 IST" skipped="2">
  <testcase classname="testNGDemo.ParallelTesting" name="chromeTest" time="3.966"/>
  <system-out/>
  <testcase classname="testNGDemo.ParallelTesting" name="edgeTest">
    <skipped/>
  </testcase> <!-- edgeTest -->
  <system-out/>
  <testcase classname="testNGDemo.ParallelTesting" name="firefoxTest">
    <skipped/>
  </testcase> <!-- firefoxTest -->
  <system-out/>
</testsuite> <!-- testNGDemo.ParallelTesting -->
