<?xml version="1.0" encoding="UTF-8"?>
<!-- Generated by org.testng.reporters.JUnitReportReporter -->
<testsuite hostname="LAPTOP-5KMFOFH9" failures="0" tests="2" name="testNGDemo.HeadLessBrowserTest" time="15.474" errors="0" timestamp="2023-01-20T10:39:03 IST" skipped="0">
  <testcase classname="testNGDemo.HeadLessBrowserTest" name="desireProperties" time="5.164"/>
  <system-out/>
  <testcase classname="testNGDemo.HeadLessBrowserTest" name="headLessTest" time="10.310"/>
  <system-out/>
</testsuite> <!-- testNGDemo.HeadLessBrowserTest -->
