<?xml version="1.0" encoding="UTF-8"?>
<!-- Generated by org.testng.reporters.JUnitReportReporter -->
<testsuite hostname="LAPTOP-5KMFOFH9" failures="0" tests="1" name="dataDrivenTest.ExcelDataReadMechanism" time="0.724" errors="0" timestamp="2023-01-30T10:57:53 IST" skipped="0">
  <testcase classname="dataDrivenTest.ExcelDataReadMechanism" name="fileRead" time="0.724"/>
  <system-out/>
</testsuite> <!-- dataDrivenTest.ExcelDataReadMechanism -->
