<?xml version="1.0" encoding="UTF-8"?>
<!-- Generated by org.testng.reporters.JUnitReportReporter -->
<testsuite hostname="LAPTOP-5KMFOFH9" failures="0" tests="2" name="dataDrivenTest.AssertionDemo" time="0.029" errors="0" timestamp="2023-01-30T10:29:53 IST" skipped="0">
  <testcase classname="dataDrivenTest.AssertionDemo" name="hardAssertion" time="0.014"/>
  <system-out/>
  <testcase classname="dataDrivenTest.AssertionDemo" name="softAssertion" time="0.015"/>
  <system-out/>
</testsuite> <!-- dataDrivenTest.AssertionDemo -->
