<?xml version="1.0" encoding="UTF-8"?>
<!-- Generated by org.testng.reporters.JUnitReportReporter -->
<testsuite hostname="LAPTOP-5KMFOFH9" failures="0" tests="3" name="testNGDemo.DataDrivenArrayDemo" time="0.012" errors="0" timestamp="2023-01-29T11:07:14 IST" skipped="0">
  <testcase classname="testNGDemo.DataDrivenArrayDemo" name="loginTest" time="0.009"/>
  <system-out/>
  <testcase classname="testNGDemo.DataDrivenArrayDemo" name="loginTest" time="0.002"/>
  <system-out/>
  <testcase classname="testNGDemo.DataDrivenArrayDemo" name="loginTest" time="0.001"/>
  <system-out/>
</testsuite> <!-- testNGDemo.DataDrivenArrayDemo -->
