<?xml version="1.0" encoding="UTF-8"?>
<!-- Generated by org.testng.reporters.JUnitReportReporter -->
<testsuite hostname="LAPTOP-5KMFOFH9" failures="0" tests="1" name="testNGDemo.HrmTestDataUsingXml" time="8.701" errors="0" timestamp="2023-01-26T10:14:13 IST" skipped="0">
  <testcase classname="testNGDemo.HrmTestDataUsingXml" name="loginTest" time="8.701"/>
  <system-out/>
</testsuite> <!-- testNGDemo.HrmTestDataUsingXml -->
