<?xml version="1.0" encoding="UTF-8"?>
<!-- Generated by org.testng.reporters.JUnitReportReporter -->
<testsuite hostname="LAPTOP-5KMFOFH9" failures="0" tests="2" name="testNGDemo.TestDemo1" time="0.015" errors="0" timestamp="2023-01-20T10:39:03 IST" skipped="0">
  <testcase classname="testNGDemo.TestDemo1" name="testCase1" time="0.014"/>
  <system-out/>
  <testcase classname="testNGDemo.TestDemo1" name="testCase2" time="0.001"/>
  <system-out/>
</testsuite> <!-- testNGDemo.TestDemo1 -->
