<?xml version="1.0" encoding="UTF-8"?>
<!-- Generated by org.testng.reporters.JUnitReportReporter -->
<testsuite hostname="LAPTOP-5KMFOFH9" failures="0" tests="3" name="testNGDemo.DependsOnMethodDemo" time="0.005" errors="0" timestamp="2023-01-20T10:39:03 IST" skipped="0">
  <testcase classname="testNGDemo.DependsOnMethodDemo" name="registerProcess" time="0.004"/>
  <system-out/>
  <testcase classname="testNGDemo.DependsOnMethodDemo" name="loginProcess" time="0.000"/>
  <system-out/>
  <testcase classname="testNGDemo.DependsOnMethodDemo" name="LogoutProcess" time="0.001"/>
  <system-out/>
</testsuite> <!-- testNGDemo.DependsOnMethodDemo -->
