<?xml version="1.0" encoding="UTF-8"?>
<!-- Generated by org.testng.reporters.JUnitReportReporter -->
<testsuite hostname="LAPTOP-5KMFOFH9" failures="0" tests="1" name="testNGDemo.PropertiesFileDemo" time="0.011" errors="0" timestamp="2023-01-27T10:22:16 IST" skipped="0">
  <testcase classname="testNGDemo.PropertiesFileDemo" name="fileRead" time="0.011"/>
  <system-out/>
</testsuite> <!-- testNGDemo.PropertiesFileDemo -->
