<?xml version="1.0" encoding="UTF-8"?>
<!-- Generated by org.testng.reporters.JUnitReportReporter -->
<testsuite hostname="LAPTOP-5KMFOFH9" failures="0" tests="3" name="testNGDemo.CrossBrowserTest" time="22.199" errors="0" timestamp="2023-01-29T10:37:12 IST" skipped="0">
  <testcase classname="testNGDemo.CrossBrowserTest" name="browserTest" time="6.013"/>
  <system-out/>
  <testcase classname="testNGDemo.CrossBrowserTest" name="browserTest" time="6.259"/>
  <system-out/>
  <testcase classname="testNGDemo.CrossBrowserTest" name="browserTest" time="9.927"/>
  <system-out/>
</testsuite> <!-- testNGDemo.CrossBrowserTest -->
