<?xml version="1.0" encoding="UTF-8"?>
<!-- Generated by org.testng.reporters.JUnitReportReporter -->
<testsuite hostname="LAPTOP-5KMFOFH9" failures="0" tests="6" name="testNGDemo.TestDemo2" time="0.006" errors="0" timestamp="2023-01-20T10:39:03 IST" skipped="1">
  <testcase classname="testNGDemo.TestDemo2" name="register" time="0.001"/>
  <system-out/>
  <testcase classname="testNGDemo.TestDemo2" name="login" time="0.001"/>
  <system-out/>
  <testcase classname="testNGDemo.TestDemo2" name="searchProduct" time="0.001"/>
  <system-out/>
  <testcase classname="testNGDemo.TestDemo2" name="searchProduct" time="0.002"/>
  <system-out/>
  <testcase classname="testNGDemo.TestDemo2" name="searchProduct" time="0.001"/>
  <system-out/>
  <testcase classname="testNGDemo.TestDemo2" name="addToCart">
    <skipped/>
  </testcase> <!-- addToCart -->
  <system-out/>
</testsuite> <!-- testNGDemo.TestDemo2 -->
